Verified existence of local and remote repos: Success
/local/mnt/workspace/automerge/kernel-topics /local/mnt/workspace/automerge/kernel-topics
Reuse-Recorded-Resolution: Disabled
Local tree is clean
Removing old remotes ...
Done, removed 0 old remote(s).
Adding new remotes...
Done, added 0 new remote(s).
Updating the remotes ...
Updating tech/bsp/clk
tech/bsp/clk has changed.
Updating tech/bsp/interconnect
tech/bsp/interconnect has changed.
Updating tech/mem/secure-buffer
tech/mem/secure-buffer has changed.
Updating tech/security/firmware-smc
tech/security/firmware-smc has changed.
Updating tech/bsp/soc-infra
tech/bsp/soc-infra has changed.
Updating tech/debug/soc
tech/debug/soc has changed.
Updating tech/bsp/pinctrl
tech/bsp/pinctrl has changed.
Updating tech/bsp/remoteproc
tech/bsp/remoteproc has changed.
Updating tech/bus/peripherals
tech/bus/peripherals has changed.
Updating tech/bus/pci/all
tech/bus/pci/all has changed.
Updating tech/bus/pci/mhi
tech/bus/pci/mhi has changed.
Updating tech/bus/pci/phy
tech/bus/pci/phy has changed.
Updating tech/bus/pci/pwrctl
tech/bus/pci/pwrctl has changed.
Updating tech/bus/usb/dwc
tech/bus/usb/dwc has changed.
Updating tech/bus/usb/gadget
tech/bus/usb/gadget has changed.
Updating tech/bus/usb/phy
tech/bus/usb/phy has changed.
Updating tech/debug/eud
tech/debug/eud has changed.
Updating tech/debug/hwtracing
tech/debug/hwtracing has changed.
Updating tech/debug/rdbg
tech/debug/rdbg has changed.
Updating tech/pmic/backlight
tech/pmic/backlight has changed.
Updating tech/pmic/mfd
tech/pmic/mfd has changed.
Updating tech/pmic/misc
tech/pmic/misc has changed.
Updating tech/pmic/regulator
tech/pmic/regulator has changed.
Updating tech/pmic/supply
tech/pmic/supply has changed.
Updating tech/mem/dma-buf
tech/mem/dma-buf has changed.
Updating tech/mem/iommu
tech/mem/iommu has changed.
Updating tech/mm/audio/all
tech/mm/audio/all has changed.
Updating tech/mm/audio/soundwire
tech/mm/audio/soundwire has changed.
Updating tech/mm/camss
tech/mm/camss has changed.
Updating tech/mm/drm
tech/mm/drm has changed.
Updating tech/mm/fastrpc
tech/mm/fastrpc has changed.
Updating tech/mm/phy
tech/mm/phy has changed.
Updating tech/mm/video
tech/mm/video has changed.
Updating tech/mproc/rpmsg
tech/mproc/rpmsg has changed.
Updating tech/mproc/qmi
tech/mproc/qmi has changed.
Updating tech/net/ath
tech/net/ath has changed.
Updating tech/net/eth
tech/net/eth has changed.
Updating tech/net/rmnet
tech/net/rmnet has changed.
Updating tech/net/qrtr
tech/net/qrtr has changed.
Updating tech/net/phy
tech/net/phy has changed.
Updating tech/net/bluetooth
tech/net/bluetooth has changed.
Updating tech/pm/opp
tech/pm/opp has changed.
Updating tech/pm/pmdomain
tech/pm/pmdomain has changed.
Updating tech/pm/power
tech/pm/power has changed.
Updating tech/pm/thermal
tech/pm/thermal has changed.
Updating tech/security/crypto
tech/security/crypto has changed.
Updating tech/security/fscrypt
tech/security/fscrypt has changed.
Updating tech/security/ice
tech/security/ice has changed.
Updating tech/storage/nvmem
tech/storage/nvmem has changed.
Updating tech/storage/phy
tech/storage/phy has changed.
Updating tech/storage/all
tech/storage/all has changed.
Updating tech/virt/gunyah
tech/virt/gunyah has changed.
Updating tech/all/workaround
tech/all/workaround has changed.
Updating tech/all/documentation
tech/all/documentation has changed.
Updating tech/all/dt/qcs6490
tech/all/dt/qcs6490 has changed.
Updating tech/all/dt/qcs9100
tech/all/dt/qcs9100 has changed.
Updating tech/all/dt/qcs8300
tech/all/dt/qcs8300 has changed.
Updating tech/all/dt/qcs615
tech/all/dt/qcs615 has changed.
Updating tech/all/config
tech/all/config has changed.
Done, updated 59 remote(s).
Updating baseline ...
Fetching baseline
X11 forwarding request failed on channel 0
latest tag/id is 37d80ac936c03003a97aa84261d63b78cf0dfc9f
Done, updated baseline.
Latest tag is 37d80ac936c03003a97aa84261d63b78cf0dfc9f
The integration branch (qcom-next) already exists.
Rename it to qcom-next-20250604-122936-v6.15-64-g297499c7f519
Create a new integration branch based on 37d80ac936c03003a97aa84261d63b78cf0dfc9f
Merging topic branches...
------------------------------------------
 ** Merging topic branch: tech/bsp/clk/tech/bsp/clk
Merge successful.
------------------------------------------
 ** Merging topic branch: tech/bsp/interconnect/tech/bsp/interconnect
Nothing to merge: already up to date.
------------------------------------------
 ** Merging topic branch: tech/mem/secure-buffer/tech/mem/secure-buffer
Nothing to merge: already up to date.
------------------------------------------
 ** Merging topic branch: tech/security/firmware-smc/tech/security/firmware-smc
Nothing to merge: already up to date.
------------------------------------------
 ** Merging topic branch: tech/bsp/soc-infra/tech/bsp/soc-infra
Nothing to merge: already up to date.
------------------------------------------
 ** Merging topic branch: tech/debug/soc/tech/debug/soc
Nothing to merge: already up to date.
------------------------------------------
 ** Merging topic branch: tech/bsp/pinctrl/tech/bsp/pinctrl
Merge successful.
------------------------------------------
 ** Merging topic branch: tech/bsp/remoteproc/tech/bsp/remoteproc
Nothing to merge: already up to date.
------------------------------------------
 ** Merging topic branch: tech/bus/peripherals/tech/bus/peripherals
Nothing to merge: already up to date.
------------------------------------------
 ** Merging topic branch: tech/bus/pci/all/tech/bus/pci/all
Nothing to merge: already up to date.
------------------------------------------
 ** Merging topic branch: tech/bus/pci/mhi/tech/bus/pci/mhi
Nothing to merge: already up to date.
------------------------------------------
 ** Merging topic branch: tech/bus/pci/phy/tech/bus/pci/phy
Nothing to merge: already up to date.
------------------------------------------
 ** Merging topic branch: tech/bus/pci/pwrctl/tech/bus/pci/pwrctl
Nothing to merge: already up to date.
------------------------------------------
 ** Merging topic branch: tech/bus/usb/dwc/tech/bus/usb/dwc
Nothing to merge: already up to date.
------------------------------------------
 ** Merging topic branch: tech/bus/usb/gadget/tech/bus/usb/gadget
Nothing to merge: already up to date.
------------------------------------------
 ** Merging topic branch: tech/bus/usb/phy/tech/bus/usb/phy
Nothing to merge: already up to date.
------------------------------------------
 ** Merging topic branch: tech/debug/eud/tech/debug/eud
Nothing to merge: already up to date.
------------------------------------------
 ** Merging topic branch: tech/debug/hwtracing/tech/debug/hwtracing
Merge successful.
------------------------------------------
 ** Merging topic branch: tech/debug/rdbg/tech/debug/rdbg
Nothing to merge: already up to date.
------------------------------------------
 ** Merging topic branch: tech/pmic/backlight/tech/pmic/backlight
Nothing to merge: already up to date.
------------------------------------------
 ** Merging topic branch: tech/pmic/mfd/tech/pmic/mfd
Nothing to merge: already up to date.
------------------------------------------
 ** Merging topic branch: tech/pmic/misc/tech/pmic/misc
Nothing to merge: already up to date.
------------------------------------------
 ** Merging topic branch: tech/pmic/regulator/tech/pmic/regulator
Nothing to merge: already up to date.
------------------------------------------
 ** Merging topic branch: tech/pmic/supply/tech/pmic/supply
Nothing to merge: already up to date.
------------------------------------------
 ** Merging topic branch: tech/mem/dma-buf/tech/mem/dma-buf
Nothing to merge: already up to date.
------------------------------------------
 ** Merging topic branch: tech/mem/iommu/tech/mem/iommu
Nothing to merge: already up to date.
------------------------------------------
 ** Merging topic branch: tech/mm/audio/all/tech/mm/audio/all
Merge successful.
------------------------------------------
 ** Merging topic branch: tech/mm/audio/soundwire/tech/mm/audio/soundwire
Nothing to merge: already up to date.
------------------------------------------
 ** Merging topic branch: tech/mm/camss/tech/mm/camss
Nothing to merge: already up to date.
------------------------------------------
 ** Merging topic branch: tech/mm/drm/tech/mm/drm
Nothing to merge: already up to date.
------------------------------------------
 ** Merging topic branch: tech/mm/fastrpc/tech/mm/fastrpc
Nothing to merge: already up to date.
------------------------------------------
 ** Merging topic branch: tech/mm/phy/tech/mm/phy
Nothing to merge: already up to date.
------------------------------------------
 ** Merging topic branch: tech/mm/video/tech/mm/video
Merge successful.
------------------------------------------
 ** Merging topic branch: tech/mproc/rpmsg/tech/mproc/rpmsg
Nothing to merge: already up to date.
------------------------------------------
 ** Merging topic branch: tech/mproc/qmi/tech/mproc/qmi
Nothing to merge: already up to date.
------------------------------------------
 ** Merging topic branch: tech/net/ath/tech/net/ath
Merge successful.
------------------------------------------
 ** Merging topic branch: tech/net/eth/tech/net/eth
Nothing to merge: already up to date.
------------------------------------------
 ** Merging topic branch: tech/net/rmnet/tech/net/rmnet
Nothing to merge: already up to date.
------------------------------------------
 ** Merging topic branch: tech/net/qrtr/tech/net/qrtr
Nothing to merge: already up to date.
------------------------------------------
 ** Merging topic branch: tech/net/phy/tech/net/phy
Nothing to merge: already up to date.
------------------------------------------
 ** Merging topic branch: tech/net/bluetooth/tech/net/bluetooth
Nothing to merge: already up to date.
------------------------------------------
 ** Merging topic branch: tech/pm/opp/tech/pm/opp
Nothing to merge: already up to date.
------------------------------------------
 ** Merging topic branch: tech/pm/pmdomain/tech/pm/pmdomain
Nothing to merge: already up to date.
------------------------------------------
 ** Merging topic branch: tech/pm/power/tech/pm/power
Merge successful.
------------------------------------------
 ** Merging topic branch: tech/pm/thermal/tech/pm/thermal
Nothing to merge: already up to date.
------------------------------------------
 ** Merging topic branch: tech/security/crypto/tech/security/crypto
Nothing to merge: already up to date.
------------------------------------------
 ** Merging topic branch: tech/security/fscrypt/tech/security/fscrypt
Nothing to merge: already up to date.
------------------------------------------
 ** Merging topic branch: tech/security/ice/tech/security/ice
Nothing to merge: already up to date.
------------------------------------------
 ** Merging topic branch: tech/storage/nvmem/tech/storage/nvmem
Nothing to merge: already up to date.
------------------------------------------
 ** Merging topic branch: tech/storage/phy/tech/storage/phy
Nothing to merge: already up to date.
------------------------------------------
 ** Merging topic branch: tech/storage/all/tech/storage/all
Nothing to merge: already up to date.
------------------------------------------
 ** Merging topic branch: tech/virt/gunyah/tech/virt/gunyah
Nothing to merge: already up to date.
------------------------------------------
 ** Merging topic branch: tech/all/workaround/tech/all/workaround
Nothing to merge: already up to date.
------------------------------------------
 ** Merging topic branch: tech/all/documentation/tech/all/documentation
Nothing to merge: already up to date.
------------------------------------------
 ** Merging topic branch: tech/all/dt/qcs6490/tech/all/dt/qcs6490
Merge successful.
------------------------------------------
 ** Merging topic branch: tech/all/dt/qcs9100/tech/all/dt/qcs9100
Merge successful.
------------------------------------------
 ** Merging topic branch: tech/all/dt/qcs8300/tech/all/dt/qcs8300
Merge successful.
------------------------------------------
 ** Merging topic branch: tech/all/dt/qcs615/tech/all/dt/qcs615
Merge successful.
------------------------------------------
 ** Merging topic branch: tech/all/config/tech/all/config
Merge successful.
Done, merged 59 topic(s).
